[16-Apr-2024 06:42:36 UTC] PHP Deprecated:  Hook http_api_transports is deprecated since version 6.4.0 with no alternative available. in /wordpress/wp-includes/functions.php on line 135
[16-Apr-2024 06:44:07 UTC] PHP Deprecated:  Hook http_api_transports is deprecated since version 6.4.0 with no alternative available. in /wordpress/wp-includes/functions.php on line 135
[16-Apr-2024 06:44:09 UTC] PHP Deprecated:  Hook http_api_transports is deprecated since version 6.4.0 with no alternative available. in /wordpress/wp-includes/functions.php on line 135
[16-Apr-2024 06:44:13 UTC] PHP Deprecated:  Hook http_api_transports is deprecated since version 6.4.0 with no alternative available. in /wordpress/wp-includes/functions.php on line 135
[16-Apr-2024 06:44:19 UTC] PHP Deprecated:  Hook http_api_transports is deprecated since version 6.4.0 with no alternative available. in /wordpress/wp-includes/functions.php on line 135
[16-Apr-2024 06:44:22 UTC] PHP Deprecated:  Hook http_api_transports is deprecated since version 6.4.0 with no alternative available. in /wordpress/wp-includes/functions.php on line 135
[16-Apr-2024 06:44:23 UTC] PHP Deprecated:  Hook http_api_transports is deprecated since version 6.4.0 with no alternative available. in /wordpress/wp-includes/functions.php on line 135
[16-Apr-2024 06:44:24 UTC] PHP Notice: A feed could not be found at `https://wordpress.org/news/feed/`; the status code is `400` and content-type is `text/plain` in /wordpress/wp-includes/class-simplepie.php on line 2
[16-Apr-2024 06:44:24 UTC] PHP Notice: A feed could not be found at `https://planet.wordpress.org/feed/`; the status code is `400` and content-type is `text/plain` in /wordpress/wp-includes/class-simplepie.php on line 2
[16-Apr-2024 06:51:50 UTC] PHP Deprecated:  Hook http_api_transports is deprecated since version 6.4.0 with no alternative available. in /wordpress/wp-includes/functions.php on line 135
[16-Apr-2024 06:51:55 UTC] PHP Deprecated:  Hook http_api_transports is deprecated since version 6.4.0 with no alternative available. in /wordpress/wp-includes/functions.php on line 135
[16-Apr-2024 06:52:00 UTC] PHP Deprecated:  Hook http_api_transports is deprecated since version 6.4.0 with no alternative available. in /wordpress/wp-includes/functions.php on line 135
[16-Apr-2024 06:52:06 UTC] PHP Deprecated:  Hook http_api_transports is deprecated since version 6.4.0 with no alternative available. in /wordpress/wp-includes/functions.php on line 135
[16-Apr-2024 06:52:26 UTC] PHP Deprecated:  Hook http_api_transports is deprecated since version 6.4.0 with no alternative available. in /wordpress/wp-includes/functions.php on line 135
[16-Apr-2024 07:23:26 UTC] PHP Deprecated:  Hook http_api_transports is deprecated since version 6.4.0 with no alternative available. in /wordpress/wp-includes/functions.php on line 135
[16-Apr-2024 07:45:25 UTC] PHP Deprecated:  Hook http_api_transports is deprecated since version 6.4.0 with no alternative available. in /wordpress/wp-includes/functions.php on line 135
[16-Apr-2024 07:50:43 UTC] PHP Warning:  get_headers(): https:// wrapper is disabled in the server configuration by allow_url_fopen=0 in /wordpress/wp-content/plugins/ecommerce-product-catalog/modules/cart/includes/cart/ic_cached_cart.php on line 47
[16-Apr-2024 07:50:43 UTC] PHP Warning:  get_headers(): This function may only be used against URLs in /wordpress/wp-content/plugins/ecommerce-product-catalog/modules/cart/includes/cart/ic_cached_cart.php on line 47
[16-Apr-2024 07:52:19 UTC] PHP Deprecated:  Hook http_api_transports is deprecated since version 6.4.0 with no alternative available. in /wordpress/wp-includes/functions.php on line 135
[16-Apr-2024 07:52:32 UTC] PHP Deprecated:  Hook http_api_transports is deprecated since version 6.4.0 with no alternative available. in /wordpress/wp-includes/functions.php on line 135
[16-Apr-2024 07:54:42 UTC] PHP Deprecated:  Hook http_api_transports is deprecated since version 6.4.0 with no alternative available. in /wordpress/wp-includes/functions.php on line 135
[16-Apr-2024 07:55:17 UTC] PHP Deprecated:  Hook http_api_transports is deprecated since version 6.4.0 with no alternative available. in /wordpress/wp-includes/functions.php on line 135
[16-Apr-2024 07:58:28 UTC] PHP Warning:  get_headers(): https:// wrapper is disabled in the server configuration by allow_url_fopen=0 in /wordpress/wp-content/plugins/ecommerce-product-catalog/modules/cart/includes/cart/ic_cached_cart.php on line 47
[16-Apr-2024 07:58:28 UTC] PHP Warning:  get_headers(): This function may only be used against URLs in /wordpress/wp-content/plugins/ecommerce-product-catalog/modules/cart/includes/cart/ic_cached_cart.php on line 47
[16-Apr-2024 07:58:29 UTC] PHP Deprecated:  Hook http_api_transports is deprecated since version 6.4.0 with no alternative available. in /wordpress/wp-includes/functions.php on line 135
[16-Apr-2024 08:00:32 UTC] PHP Deprecated:  Hook http_api_transports is deprecated since version 6.4.0 with no alternative available. in /wordpress/wp-includes/functions.php on line 135
[16-Apr-2024 08:00:49 UTC] PHP Deprecated:  Hook http_api_transports is deprecated since version 6.4.0 with no alternative available. in /wordpress/wp-includes/functions.php on line 135
[16-Apr-2024 08:35:56 UTC] PHP Deprecated:  Hook http_api_transports is deprecated since version 6.4.0 with no alternative available. in /wordpress/wp-includes/functions.php on line 135
[16-Apr-2024 08:35:58 UTC] PHP Deprecated:  Hook http_api_transports is deprecated since version 6.4.0 with no alternative available. in /wordpress/wp-includes/functions.php on line 135
[16-Apr-2024 08:36:01 UTC] PHP Deprecated:  Hook http_api_transports is deprecated since version 6.4.0 with no alternative available. in /wordpress/wp-includes/functions.php on line 135
[16-Apr-2024 08:36:03 UTC] PHP Deprecated:  Hook http_api_transports is deprecated since version 6.4.0 with no alternative available. in /wordpress/wp-includes/functions.php on line 135
[16-Apr-2024 08:36:11 UTC] PHP Deprecated:  Hook http_api_transports is deprecated since version 6.4.0 with no alternative available. in /wordpress/wp-includes/functions.php on line 135
[16-Apr-2024 08:36:11 UTC] PHP Warning:  get_headers(): https:// wrapper is disabled in the server configuration by allow_url_fopen=0 in /wordpress/wp-content/plugins/ecommerce-product-catalog/modules/cart/includes/cart/ic_cached_cart.php on line 47
[16-Apr-2024 08:36:11 UTC] PHP Warning:  get_headers(): This function may only be used against URLs in /wordpress/wp-content/plugins/ecommerce-product-catalog/modules/cart/includes/cart/ic_cached_cart.php on line 47
[16-Apr-2024 08:36:12 UTC] PHP Deprecated:  Hook http_api_transports is deprecated since version 6.4.0 with no alternative available. in /wordpress/wp-includes/functions.php on line 135
[16-Apr-2024 08:36:14 UTC] PHP Deprecated:  Hook http_api_transports is deprecated since version 6.4.0 with no alternative available. in /wordpress/wp-includes/functions.php on line 135
[16-Apr-2024 08:36:18 UTC] PHP Deprecated:  Hook http_api_transports is deprecated since version 6.4.0 with no alternative available. in /wordpress/wp-includes/functions.php on line 135
[16-Apr-2024 09:15:12 UTC] PHP Deprecated:  Hook http_api_transports is deprecated since version 6.4.0 with no alternative available. in /wordpress/wp-includes/functions.php on line 135
[16-Apr-2024 09:15:12 UTC] PHP Warning:  get_headers(): https:// wrapper is disabled in the server configuration by allow_url_fopen=0 in /wordpress/wp-content/plugins/ecommerce-product-catalog/modules/cart/includes/cart/ic_cached_cart.php on line 47
[16-Apr-2024 09:15:12 UTC] PHP Warning:  get_headers(): This function may only be used against URLs in /wordpress/wp-content/plugins/ecommerce-product-catalog/modules/cart/includes/cart/ic_cached_cart.php on line 47
[16-Apr-2024 09:15:27 UTC] PHP Deprecated:  Hook http_api_transports is deprecated since version 6.4.0 with no alternative available. in /wordpress/wp-includes/functions.php on line 135
[16-Apr-2024 09:15:32 UTC] PHP Warning:  get_headers(): https:// wrapper is disabled in the server configuration by allow_url_fopen=0 in /wordpress/wp-content/plugins/ecommerce-product-catalog/modules/cart/includes/cart/ic_cached_cart.php on line 47
[16-Apr-2024 09:15:32 UTC] PHP Warning:  get_headers(): This function may only be used against URLs in /wordpress/wp-content/plugins/ecommerce-product-catalog/modules/cart/includes/cart/ic_cached_cart.php on line 47
